  class.cpp
  class_info.cpp
  class_registry.cpp
  class_rep.cpp
  create_class.cpp
  error.cpp
  exception_handler.cpp
  function.cpp
  inheritance.cpp
C:\Program Files (x86)\Microsoft Visual Studio\2019\Community\VC\Tools\MSVC\14.21.27702\include\utility(123,1): warning C4267:  'initializing': conversion from 'size_t' to '_Ty2', possible loss of data
C:\Program Files (x86)\Microsoft Visual Studio\2019\Community\VC\Tools\MSVC\14.21.27702\include\utility(123,1): warning C4267:         with
C:\Program Files (x86)\Microsoft Visual Studio\2019\Community\VC\Tools\MSVC\14.21.27702\include\utility(123,1): warning C4267:         [
C:\Program Files (x86)\Microsoft Visual Studio\2019\Community\VC\Tools\MSVC\14.21.27702\include\utility(123,1): warning C4267:             _Ty2=int
C:\Program Files (x86)\Microsoft Visual Studio\2019\Community\VC\Tools\MSVC\14.21.27702\include\utility(123,1): warning C4267:         ]
D:\Education\GraphGame20\dx12\LuaBind\src\inheritance.cpp(97): message :  see reference to function template instantiation 'std::pair<ptrdiff_t,int>::pair<ptrdiff_t&,size_t&,0>(_Other1,_Other2) noexcept' being compiled
D:\Education\GraphGame20\dx12\LuaBind\src\inheritance.cpp(97): message :         with
D:\Education\GraphGame20\dx12\LuaBind\src\inheritance.cpp(97): message :         [
D:\Education\GraphGame20\dx12\LuaBind\src\inheritance.cpp(97): message :             _Other1=ptrdiff_t &,
D:\Education\GraphGame20\dx12\LuaBind\src\inheritance.cpp(97): message :             _Other2=size_t &
D:\Education\GraphGame20\dx12\LuaBind\src\inheritance.cpp(97): message :         ]
  link_compatibility.cpp
  object_rep.cpp
  open.cpp
  pcall.cpp
  scope.cpp
  stack_content_by_name.cpp
  weak_ref.cpp
  wrapper_base.cpp
  Generating Code...
D:\Education\GraphGame20\dx12\LuaBind\src\inheritance.cpp(95): message :  see reference to function template instantiation 'std::pair<ptrdiff_t,int>::pair<ptrdiff_t&,size_t&,0>(_Other1,_Other2) noexcept' being compiled
D:\Education\GraphGame20\dx12\LuaBind\src\inheritance.cpp(95): message :         with
D:\Education\GraphGame20\dx12\LuaBind\src\inheritance.cpp(95): message :         [
D:\Education\GraphGame20\dx12\LuaBind\src\inheritance.cpp(95): message :             _Other1=ptrdiff_t &,
D:\Education\GraphGame20\dx12\LuaBind\src\inheritance.cpp(95): message :             _Other2=size_t &
D:\Education\GraphGame20\dx12\LuaBind\src\inheritance.cpp(95): message :         ]
  LuaBind.vcxproj -> D:\Education\GraphGame20\dx12\x64\Debug\LuaBind.lib
